<?xml version="1.0" encoding="UTF-8"?>
<testng-results ignored="0" total="2" passed="2" failed="0" skipped="0">
  <reporter-output>
  </reporter-output>
  <suite started-at="2024-02-07T21:39:40 EST" name="Default suite" finished-at="2024-02-07T21:39:52 EST" duration-ms="12907">
    <groups>
      <group name="cucumber">
        <method signature="AbstractTestNGCucumberTests.runScenario(io.cucumber.testng.PickleWrapper,io.cucumber.testng.FeatureWrapper)[pri:0, instance:test_runner.runner_testng@3eb25e1a]" name="runScenario" class="io.cucumber.testng.AbstractTestNGCucumberTests"/>
      </group> <!-- cucumber -->
    </groups>
    <test started-at="2024-02-07T21:39:40 EST" name="Default test" finished-at="2024-02-07T21:39:52 EST" duration-ms="12907">
      <class name="test_runner.runner_testng">
        <test-method is-config="true" signature="setUpClass(org.testng.ITestContext)[pri:0, instance:test_runner.runner_testng@3eb25e1a]" started-at="2024-02-07T21:39:40 EST" name="setUpClass" finished-at="2024-02-07T21:39:41 EST" duration-ms="1084" status="PASS">
          <params>
            <param index="0">
              <value>
                <![CDATA[org.testng.TestRunner@6c931d35]]>
              </value>
            </param>
          </params>
          <reporter-output>
          </reporter-output>
        </test-method> <!-- setUpClass -->
        <test-method signature="runScenario(io.cucumber.testng.PickleWrapper,io.cucumber.testng.FeatureWrapper)[pri:0, instance:test_runner.runner_testng@3eb25e1a]" started-at="2024-02-07T21:39:41 EST" name="runScenario" description="Runs Cucumber Scenarios" data-provider="scenarios" finished-at="2024-02-07T21:39:47 EST" duration-ms="6751" status="PASS">
          <params>
            <param index="0">
              <value>
                <![CDATA["valid_registration"]]>
              </value>
            </param>
            <param index="1">
              <value>
                <![CDATA["Register"]]>
              </value>
            </param>
          </params>
          <reporter-output>
          </reporter-output>
        </test-method> <!-- runScenario -->
        <test-method signature="runScenario(io.cucumber.testng.PickleWrapper,io.cucumber.testng.FeatureWrapper)[pri:0, instance:test_runner.runner_testng@3eb25e1a]" started-at="2024-02-07T21:39:47 EST" name="runScenario" description="Runs Cucumber Scenarios" data-provider="scenarios" finished-at="2024-02-07T21:39:52 EST" duration-ms="4919" status="PASS">
          <params>
            <param index="0">
              <value>
                <![CDATA["invalid_registration"]]>
              </value>
            </param>
            <param index="1">
              <value>
                <![CDATA["Register"]]>
              </value>
            </param>
          </params>
          <reporter-output>
          </reporter-output>
        </test-method> <!-- runScenario -->
        <test-method is-config="true" signature="tearDownClass()[pri:0, instance:test_runner.runner_testng@3eb25e1a]" started-at="2024-02-07T21:39:52 EST" name="tearDownClass" finished-at="2024-02-07T21:39:52 EST" duration-ms="79" status="PASS">
          <reporter-output>
          </reporter-output>
        </test-method> <!-- tearDownClass -->
      </class> <!-- test_runner.runner_testng -->
    </test> <!-- Default test -->
  </suite> <!-- Default suite -->
</testng-results>
